INFO:root:Iniciado
INFO:root:Conectandose a la base de datos
INFO:root:Conexion realizada exitosamente
INFO:root:Obteniendo datos de las tablas de la base de datos
INFO:root:Combinando dataframes de las tablas de la base de datos
INFO:root:Dataframe general creado exitosamente
INFO:root:Calculando días de renta
INFO:root:Proceso de limpieza de los datos, generando dataframes reducidos y suma de los dias rentados
INFO:root:El dataframe reducido fue generado exitosamente
INFO:root:Proceso de limpieza de los datos, generando dataframes reducidos y suma de los dias rentados
INFO:root:El dataframe reducido fue generado exitosamente
INFO:root:Proceso de limpieza de los datos, generando dataframes reducidos y suma de los dias rentados
INFO:root:El dataframe reducido fue generado exitosamente
INFO:root:Proceso de limpieza de los datos, generando dataframes reducidos y suma de los dias rentados
INFO:root:El dataframe reducido fue generado exitosamente
INFO:root:Proceso de limpieza de los datos, generando dataframes reducidos y suma de los dias rentados
INFO:root:El dataframe reducido fue generado exitosamente
INFO:root:Proceso de limpieza de los datos, generando dataframes reducidos y suma de los dias rentados
INFO:root:El dataframe reducido fue generado exitosamente
INFO:root:Conectandose a la base de datos
INFO:root:Conexion realizada exitosamente
INFO:root:Enviando tabla acc_table_1 a la base de datos
INFO:root:Enviando tabla acc_table_2 a la base de datos
INFO:root:Enviando tabla acc_table_3 a la base de datos
INFO:root:Enviando tabla acc_table_4 a la base de datos
INFO:root:Enviando tabla acc_table_5 a la base de datos
INFO:root:Enviando tabla acc_table_6 a la base de datos
INFO:root:Finalizado
INFO:root:Iniciado
INFO:root:Conectandose a la base de datos
INFO:root:Conexion realizada exitosamente
INFO:root:Obteniendo datos de las tablas de la base de datos
